<!DOCTYPE html>
<html>
  <head>
    <meta charset="utf-8"/>
    <title id="head-title">report.html</title>
      <link href="assets/style.css" rel="stylesheet" type="text/css"/>
  </head>
  <body>
    <h1 id="title">report.html</h1>
    <p>Report generated on 13-Feb-2025 at 12:57:51 by <a href="https://pypi.python.org/pypi/pytest-html">pytest-html</a>
        v4.1.1</p>
    <div id="environment-header">
      <h2>Environment</h2>
    </div>
    <table id="environment"></table>
    <!-- TEMPLATES -->
      <template id="template_environment_row">
      <tr>
        <td></td>
        <td></td>
      </tr>
    </template>
    <template id="template_results-table__body--empty">
      <tbody class="results-table-row">
        <tr id="not-found-message">
          <td colspan="4">No results found. Check the filters.</th>
        </tr>
    </template>
    <template id="template_results-table__tbody">
      <tbody class="results-table-row">
        <tr class="collapsible">
        </tr>
        <tr class="extras-row">
          <td class="extra" colspan="4">
            <div class="extraHTML"></div>
            <div class="media">
              <div class="media-container">
                  <div class="media-container__nav--left"><</div>
                  <div class="media-container__viewport">
                    <img src="" />
                    <video controls>
                      <source src="" type="video/mp4">
                    </video>
                  </div>
                  <div class="media-container__nav--right">></div>
                </div>
                <div class="media__name"></div>
                <div class="media__counter"></div>
            </div>
            <div class="logwrapper">
              <div class="logexpander"></div>
              <div class="log"></div>
            </div>
          </td>
        </tr>
      </tbody>
    </template>
    <!-- END TEMPLATES -->
    <div class="summary">
      <div class="summary__data">
        <h2>Summary</h2>
        <div class="additional-summary prefix">
        </div>
        <p class="run-count">12 tests took 00:05:23.</p>
        <p class="filter">(Un)check the boxes to filter the results.</p>
        <div class="summary__reload">
          <div class="summary__reload__button hidden" onclick="location.reload()">
            <div>There are still tests running. <br />Reload this page to get the latest results!</div>
          </div>
        </div>
        <div class="summary__spacer"></div>
        <div class="controls">
          <div class="filters">
            <input checked="true" class="filter" name="filter_checkbox" type="checkbox" data-test-result="failed" />
            <span class="failed">3 Failed,</span>
            <input checked="true" class="filter" name="filter_checkbox" type="checkbox" data-test-result="passed" />
            <span class="passed">9 Passed,</span>
            <input checked="true" class="filter" name="filter_checkbox" type="checkbox" data-test-result="skipped" disabled/>
            <span class="skipped">0 Skipped,</span>
            <input checked="true" class="filter" name="filter_checkbox" type="checkbox" data-test-result="xfailed" disabled/>
            <span class="xfailed">0 Expected failures,</span>
            <input checked="true" class="filter" name="filter_checkbox" type="checkbox" data-test-result="xpassed" disabled/>
            <span class="xpassed">0 Unexpected passes,</span>
            <input checked="true" class="filter" name="filter_checkbox" type="checkbox" data-test-result="error" disabled/>
            <span class="error">0 Errors,</span>
            <input checked="true" class="filter" name="filter_checkbox" type="checkbox" data-test-result="rerun" disabled/>
            <span class="rerun">0 Reruns</span>
          </div>
          <div class="collapse">
            <button id="show_all_details">Show all details</button>&nbsp;/&nbsp;<button id="hide_all_details">Hide all details</button>
          </div>
        </div>
      </div>
      <div class="additional-summary summary">
      </div>
      <div class="additional-summary postfix">
      </div>
    </div>
    <table id="results-table">
      <thead id="results-table-head">
        <tr>
          <th class="sortable" data-column-type="result">Result</th>
          <th class="sortable" data-column-type="testId">Test</th>
          <th class="sortable" data-column-type="duration">Duration</th>
          <th>Links</th>
        </tr>
      </thead>
    </table>
  </body>
  <footer>
    <div id="data-container" data-jsonblob="{&#34;environment&#34;: {&#34;Python&#34;: &#34;3.12.1&#34;, &#34;Platform&#34;: &#34;macOS-15.1.1-x86_64-i386-64bit&#34;, &#34;Packages&#34;: {&#34;pytest&#34;: &#34;8.1.1&#34;, &#34;pluggy&#34;: &#34;1.4.0&#34;}, &#34;Plugins&#34;: {&#34;print&#34;: &#34;1.0.0&#34;, &#34;html&#34;: &#34;4.1.1&#34;, &#34;Faker&#34;: &#34;24.4.0&#34;, &#34;metadata&#34;: &#34;3.1.1&#34;, &#34;allure-pytest&#34;: &#34;2.13.5&#34;}}, &#34;tests&#34;: {&#34;tests/test_api_login.py::TestN11Login::test_valid_login&#34;: [{&#34;extras&#34;: [], &#34;result&#34;: &#34;Passed&#34;, &#34;testId&#34;: &#34;tests/test_api_login.py::TestN11Login::test_valid_login&#34;, &#34;duration&#34;: &#34;00:00:01&#34;, &#34;resultsTableRow&#34;: [&#34;&lt;td class=\&#34;col-result\&#34;&gt;Passed&lt;/td&gt;&#34;, &#34;&lt;td class=\&#34;col-testId\&#34;&gt;tests/test_api_login.py::TestN11Login::test_valid_login&lt;/td&gt;&#34;, &#34;&lt;td class=\&#34;col-duration\&#34;&gt;00:00:01&lt;/td&gt;&#34;, &#34;&lt;td class=\&#34;col-links\&#34;&gt;&lt;/td&gt;&#34;], &#34;log&#34;: &#34;No log output captured.&#34;}], &#34;tests/test_functional_login.py::TestLogin::test_empty_username_and_password&#34;: [{&#34;extras&#34;: [], &#34;result&#34;: &#34;Passed&#34;, &#34;testId&#34;: &#34;tests/test_functional_login.py::TestLogin::test_empty_username_and_password&#34;, &#34;duration&#34;: &#34;00:00:57&#34;, &#34;resultsTableRow&#34;: [&#34;&lt;td class=\&#34;col-result\&#34;&gt;Passed&lt;/td&gt;&#34;, &#34;&lt;td class=\&#34;col-testId\&#34;&gt;tests/test_functional_login.py::TestLogin::test_empty_username_and_password&lt;/td&gt;&#34;, &#34;&lt;td class=\&#34;col-duration\&#34;&gt;00:00:57&lt;/td&gt;&#34;, &#34;&lt;td class=\&#34;col-links\&#34;&gt;&lt;/td&gt;&#34;], &#34;log&#34;: &#34;---------------------------- Captured stdout setup -----------------------------\nFailed to accept cookies or notifications: Message: invalid selector: An invalid or illegal selector was specified\n  (Session info: chrome=133.0.6943.53); For documentation on this error, please visit: https://www.selenium.dev/documentation/webdriver/troubleshooting/errors#invalid-selector-exception\nStacktrace:\n0   chromedriver                        0x00000001010a4d98 chromedriver + 5954968\n1   chromedriver                        0x000000010109c9ca chromedriver + 5921226\n2   chromedriver                        0x0000000100b5c5e0 chromedriver + 415200\n3   chromedriver                        0x0000000100b633b4 chromedriver + 443316\n4   chromedriver                        0x0000000100b65b43 chromedriver + 453443\n5   chromedriver                        0x0000000100b65bf3 chromedriver + 453619\n6   chromedriver                        0x0000000100bad846 chromedriver + 747590\n7   chromedriver                        0x0000000100badfc1 chromedriver + 749505\n8   chromedriver                        0x0000000100bfe104 chromedriver + 1077508\n9   chromedriver                        0x0000000100bd403d chromedriver + 905277\n10  chromedriver                        0x0000000100bfb39e chromedriver + 1065886\n11  chromedriver                        0x0000000100bd3de3 chromedriver + 904675\n12  chromedriver                        0x0000000100b9fc6a chromedriver + 691306\n13  chromedriver                        0x0000000100ba0dc1 chromedriver + 695745\n14  chromedriver                        0x0000000101067e50 chromedriver + 5705296\n15  chromedriver                        0x000000010106bda0 chromedriver + 5721504\n16  chromedriver                        0x0000000101049797 chromedriver + 5580695\n17  chromedriver                        0x000000010106c82b chromedriver + 5724203\n18  chromedriver                        0x0000000101037fc4 chromedriver + 5509060\n19  chromedriver                        0x000000010108b088 chromedriver + 5849224\n20  chromedriver                        0x000000010108b24f chromedriver + 5849679\n21  chromedriver                        0x000000010109c5a8 chromedriver + 5920168\n22  libsystem_pthread.dylib             0x00007ff814f39253 _pthread_start + 99\n23  libsystem_pthread.dylib             0x00007ff814f34bef thread_start + 15\n\n--------------------------- Captured stdout teardown ---------------------------\nScrrenshot added: screenshots/test_empty_username_and_password_2025-02-13_12-53-25.png\n&#34;}], &#34;tests/test_functional_login.py::TestLogin::test_invalid_password&#34;: [{&#34;extras&#34;: [], &#34;result&#34;: &#34;Failed&#34;, &#34;testId&#34;: &#34;tests/test_functional_login.py::TestLogin::test_invalid_password&#34;, &#34;duration&#34;: &#34;00:00:26&#34;, &#34;resultsTableRow&#34;: [&#34;&lt;td class=\&#34;col-result\&#34;&gt;Failed&lt;/td&gt;&#34;, &#34;&lt;td class=\&#34;col-testId\&#34;&gt;tests/test_functional_login.py::TestLogin::test_invalid_password&lt;/td&gt;&#34;, &#34;&lt;td class=\&#34;col-duration\&#34;&gt;00:00:26&lt;/td&gt;&#34;, &#34;&lt;td class=\&#34;col-links\&#34;&gt;&lt;/td&gt;&#34;], &#34;log&#34;: &#34;self = &amp;lt;test_functional_login.TestLogin testMethod=test_invalid_password&amp;gt;\n\n    def test_invalid_password(self):\n        invalid_password_onject = LoginPage(self.driver)\n        invalid_password_onject.valid_username_invalid_password()\n        actual_message = self.login_page.get_error_message()\n        self.soft_assert(self.assertEqual, ERROR_MESSAGE_INVALID_CREDENTIALS, actual_message, &amp;quot;Error message is not as expected.&amp;quot;)\n&amp;gt;       self.assert_all()\n\ntests/test_functional_login.py:30: \n_ _ _ _ _ _ _ _ _ _ _ _ _ _ _ _ _ _ _ _ _ _ _ _ _ _ _ _ _ _ _ _ _ _ _ _ _ _ _ _ _ _ _ _ _ _ _ _ _ _ _ _ _ _ _ _ _ _ _ _ _ _ _ _ _ _ _ \n/Library/Frameworks/Python.framework/Versions/3.12/lib/python3.12/site-packages/softest/case.py:139: in assert_all\n    self.fail(&amp;#x27;&amp;#x27;.join(failure_output))\nE   AssertionError: ++++ soft assert failure details follow below ++++\nE   \nE   ++++++++++++++++++++++++++++++++++++++++++++++++++++++++++++++++++++++\nE   The following failure was found in &amp;quot;test_invalid_password&amp;quot; (test_functional_login.TestLogin):\nE   +----------------------+----------------------+----------------------+\nE   Traceback (most recent call last):\nE     File &amp;quot;/Users/standard/Desktop/N11_login_test/tests/test_functional_login.py&amp;quot;, line 29, in test_invalid_password\nE       self.soft_assert(self.assertEqual, ERROR_MESSAGE_INVALID_CREDENTIALS, actual_message, &amp;quot;Error message is not as expected.&amp;quot;)\nE     File &amp;quot;/Library/Frameworks/Python.framework/Versions/3.12/lib/python3.12/site-packages/softest/case.py&amp;quot;, line 62, in soft_assert\nE       assert_method(*arguments, **keywords)\nE     File &amp;quot;/Library/Frameworks/Python.framework/Versions/3.12/lib/python3.12/unittest/case.py&amp;quot;, line 887, in assertEqual\nE       assertion_func(first, second, msg=msg)\nE     File &amp;quot;/Library/Frameworks/Python.framework/Versions/3.12/lib/python3.12/unittest/case.py&amp;quot;, line 1253, in assertMultiLineEqual\nE       self.fail(self._formatMessage(msg, standardMsg))\nE     File &amp;quot;/Library/Frameworks/Python.framework/Versions/3.12/lib/python3.12/unittest/case.py&amp;quot;, line 717, in fail\nE       raise self.failureException(msg)\nE   AssertionError: &amp;#x27;E-posta adresi veya \u015fifre hatal\u0131, kontrol edebilir misin?&amp;#x27; != &amp;#x27;N11 platformuna eri\u015fiminiz engellenmi\u015ftir[49 chars]niz.&amp;#x27;\nE   - E-posta adresi veya \u015fifre hatal\u0131, kontrol edebilir misin?\nE   + N11 platformuna eri\u015fiminiz engellenmi\u015ftir. Bilgi almak i\u00e7in \u00c7a\u011fr\u0131 Merkezimizi arayabilirsiniz.\nE    : Error message is not as expected.\nE   \nE   -+ [1/1] +-\n\n---------------------------- Captured stdout setup -----------------------------\nFailed to accept cookies or notifications: Message: invalid selector: An invalid or illegal selector was specified\n  (Session info: chrome=133.0.6943.53); For documentation on this error, please visit: https://www.selenium.dev/documentation/webdriver/troubleshooting/errors#invalid-selector-exception\nStacktrace:\n0   chromedriver                        0x00000001086ded98 chromedriver + 5954968\n1   chromedriver                        0x00000001086d69ca chromedriver + 5921226\n2   chromedriver                        0x00000001081965e0 chromedriver + 415200\n3   chromedriver                        0x000000010819d3b4 chromedriver + 443316\n4   chromedriver                        0x000000010819fb43 chromedriver + 453443\n5   chromedriver                        0x000000010819fbf3 chromedriver + 453619\n6   chromedriver                        0x00000001081e7846 chromedriver + 747590\n7   chromedriver                        0x00000001081e7fc1 chromedriver + 749505\n8   chromedriver                        0x0000000108238104 chromedriver + 1077508\n9   chromedriver                        0x000000010820e03d chromedriver + 905277\n10  chromedriver                        0x000000010823539e chromedriver + 1065886\n11  chromedriver                        0x000000010820dde3 chromedriver + 904675\n12  chromedriver                        0x00000001081d9c6a chromedriver + 691306\n13  chromedriver                        0x00000001081dadc1 chromedriver + 695745\n14  chromedriver                        0x00000001086a1e50 chromedriver + 5705296\n15  chromedriver                        0x00000001086a5da0 chromedriver + 5721504\n16  chromedriver                        0x0000000108683797 chromedriver + 5580695\n17  chromedriver                        0x00000001086a682b chromedriver + 5724203\n18  chromedriver                        0x0000000108671fc4 chromedriver + 5509060\n19  chromedriver                        0x00000001086c5088 chromedriver + 5849224\n20  chromedriver                        0x00000001086c524f chromedriver + 5849679\n21  chromedriver                        0x00000001086d65a8 chromedriver + 5920168\n22  libsystem_pthread.dylib             0x00007ff814f39253 _pthread_start + 99\n23  libsystem_pthread.dylib             0x00007ff814f34bef thread_start + 15\n\n--------------------------- Captured stdout teardown ---------------------------\nScrrenshot added: screenshots/test_invalid_password_2025-02-13_12-53-51.png\n&#34;}], &#34;tests/test_functional_login.py::TestLogin::test_invalid_username&#34;: [{&#34;extras&#34;: [], &#34;result&#34;: &#34;Passed&#34;, &#34;testId&#34;: &#34;tests/test_functional_login.py::TestLogin::test_invalid_username&#34;, &#34;duration&#34;: &#34;00:00:26&#34;, &#34;resultsTableRow&#34;: [&#34;&lt;td class=\&#34;col-result\&#34;&gt;Passed&lt;/td&gt;&#34;, &#34;&lt;td class=\&#34;col-testId\&#34;&gt;tests/test_functional_login.py::TestLogin::test_invalid_username&lt;/td&gt;&#34;, &#34;&lt;td class=\&#34;col-duration\&#34;&gt;00:00:26&lt;/td&gt;&#34;, &#34;&lt;td class=\&#34;col-links\&#34;&gt;&lt;/td&gt;&#34;], &#34;log&#34;: &#34;---------------------------- Captured stdout setup -----------------------------\nFailed to accept cookies or notifications: Message: invalid selector: An invalid or illegal selector was specified\n  (Session info: chrome=133.0.6943.53); For documentation on this error, please visit: https://www.selenium.dev/documentation/webdriver/troubleshooting/errors#invalid-selector-exception\nStacktrace:\n0   chromedriver                        0x0000000102f58d98 chromedriver + 5954968\n1   chromedriver                        0x0000000102f509ca chromedriver + 5921226\n2   chromedriver                        0x0000000102a105e0 chromedriver + 415200\n3   chromedriver                        0x0000000102a173b4 chromedriver + 443316\n4   chromedriver                        0x0000000102a19b43 chromedriver + 453443\n5   chromedriver                        0x0000000102a19bf3 chromedriver + 453619\n6   chromedriver                        0x0000000102a61846 chromedriver + 747590\n7   chromedriver                        0x0000000102a61fc1 chromedriver + 749505\n8   chromedriver                        0x0000000102ab2104 chromedriver + 1077508\n9   chromedriver                        0x0000000102a8803d chromedriver + 905277\n10  chromedriver                        0x0000000102aaf39e chromedriver + 1065886\n11  chromedriver                        0x0000000102a87de3 chromedriver + 904675\n12  chromedriver                        0x0000000102a53c6a chromedriver + 691306\n13  chromedriver                        0x0000000102a54dc1 chromedriver + 695745\n14  chromedriver                        0x0000000102f1be50 chromedriver + 5705296\n15  chromedriver                        0x0000000102f1fda0 chromedriver + 5721504\n16  chromedriver                        0x0000000102efd797 chromedriver + 5580695\n17  chromedriver                        0x0000000102f2082b chromedriver + 5724203\n18  chromedriver                        0x0000000102eebfc4 chromedriver + 5509060\n19  chromedriver                        0x0000000102f3f088 chromedriver + 5849224\n20  chromedriver                        0x0000000102f3f24f chromedriver + 5849679\n21  chromedriver                        0x0000000102f505a8 chromedriver + 5920168\n22  libsystem_pthread.dylib             0x00007ff814f39253 _pthread_start + 99\n23  libsystem_pthread.dylib             0x00007ff814f34bef thread_start + 15\n\n--------------------------- Captured stdout teardown ---------------------------\nScrrenshot added: screenshots/test_invalid_username_2025-02-13_12-54-16.png\n&#34;}], &#34;tests/test_functional_login.py::TestLogin::test_long_password&#34;: [{&#34;extras&#34;: [], &#34;result&#34;: &#34;Passed&#34;, &#34;testId&#34;: &#34;tests/test_functional_login.py::TestLogin::test_long_password&#34;, &#34;duration&#34;: &#34;00:00:25&#34;, &#34;resultsTableRow&#34;: [&#34;&lt;td class=\&#34;col-result\&#34;&gt;Passed&lt;/td&gt;&#34;, &#34;&lt;td class=\&#34;col-testId\&#34;&gt;tests/test_functional_login.py::TestLogin::test_long_password&lt;/td&gt;&#34;, &#34;&lt;td class=\&#34;col-duration\&#34;&gt;00:00:25&lt;/td&gt;&#34;, &#34;&lt;td class=\&#34;col-links\&#34;&gt;&lt;/td&gt;&#34;], &#34;log&#34;: &#34;---------------------------- Captured stdout setup -----------------------------\nFailed to accept cookies or notifications: Message: invalid selector: An invalid or illegal selector was specified\n  (Session info: chrome=133.0.6943.53); For documentation on this error, please visit: https://www.selenium.dev/documentation/webdriver/troubleshooting/errors#invalid-selector-exception\nStacktrace:\n0   chromedriver                        0x000000010b24dd98 chromedriver + 5954968\n1   chromedriver                        0x000000010b2459ca chromedriver + 5921226\n2   chromedriver                        0x000000010ad055e0 chromedriver + 415200\n3   chromedriver                        0x000000010ad0c3b4 chromedriver + 443316\n4   chromedriver                        0x000000010ad0eb43 chromedriver + 453443\n5   chromedriver                        0x000000010ad0ebf3 chromedriver + 453619\n6   chromedriver                        0x000000010ad56846 chromedriver + 747590\n7   chromedriver                        0x000000010ad56fc1 chromedriver + 749505\n8   chromedriver                        0x000000010ada7104 chromedriver + 1077508\n9   chromedriver                        0x000000010ad7d03d chromedriver + 905277\n10  chromedriver                        0x000000010ada439e chromedriver + 1065886\n11  chromedriver                        0x000000010ad7cde3 chromedriver + 904675\n12  chromedriver                        0x000000010ad48c6a chromedriver + 691306\n13  chromedriver                        0x000000010ad49dc1 chromedriver + 695745\n14  chromedriver                        0x000000010b210e50 chromedriver + 5705296\n15  chromedriver                        0x000000010b214da0 chromedriver + 5721504\n16  chromedriver                        0x000000010b1f2797 chromedriver + 5580695\n17  chromedriver                        0x000000010b21582b chromedriver + 5724203\n18  chromedriver                        0x000000010b1e0fc4 chromedriver + 5509060\n19  chromedriver                        0x000000010b234088 chromedriver + 5849224\n20  chromedriver                        0x000000010b23424f chromedriver + 5849679\n21  chromedriver                        0x000000010b2455a8 chromedriver + 5920168\n22  libsystem_pthread.dylib             0x00007ff814f39253 _pthread_start + 99\n23  libsystem_pthread.dylib             0x00007ff814f34bef thread_start + 15\n\n--------------------------- Captured stdout teardown ---------------------------\nScrrenshot added: screenshots/test_long_password_2025-02-13_12-54-42.png\n&#34;}], &#34;tests/test_functional_login.py::TestLogin::test_only_password_filled&#34;: [{&#34;extras&#34;: [], &#34;result&#34;: &#34;Passed&#34;, &#34;testId&#34;: &#34;tests/test_functional_login.py::TestLogin::test_only_password_filled&#34;, &#34;duration&#34;: &#34;00:00:29&#34;, &#34;resultsTableRow&#34;: [&#34;&lt;td class=\&#34;col-result\&#34;&gt;Passed&lt;/td&gt;&#34;, &#34;&lt;td class=\&#34;col-testId\&#34;&gt;tests/test_functional_login.py::TestLogin::test_only_password_filled&lt;/td&gt;&#34;, &#34;&lt;td class=\&#34;col-duration\&#34;&gt;00:00:29&lt;/td&gt;&#34;, &#34;&lt;td class=\&#34;col-links\&#34;&gt;&lt;/td&gt;&#34;], &#34;log&#34;: &#34;---------------------------- Captured stdout setup -----------------------------\nFailed to accept cookies or notifications: Message: invalid selector: An invalid or illegal selector was specified\n  (Session info: chrome=133.0.6943.53); For documentation on this error, please visit: https://www.selenium.dev/documentation/webdriver/troubleshooting/errors#invalid-selector-exception\nStacktrace:\n0   chromedriver                        0x000000010d3e6d98 chromedriver + 5954968\n1   chromedriver                        0x000000010d3de9ca chromedriver + 5921226\n2   chromedriver                        0x000000010ce9e5e0 chromedriver + 415200\n3   chromedriver                        0x000000010cea53b4 chromedriver + 443316\n4   chromedriver                        0x000000010cea7b43 chromedriver + 453443\n5   chromedriver                        0x000000010cea7bf3 chromedriver + 453619\n6   chromedriver                        0x000000010ceef846 chromedriver + 747590\n7   chromedriver                        0x000000010ceeffc1 chromedriver + 749505\n8   chromedriver                        0x000000010cf40104 chromedriver + 1077508\n9   chromedriver                        0x000000010cf1603d chromedriver + 905277\n10  chromedriver                        0x000000010cf3d39e chromedriver + 1065886\n11  chromedriver                        0x000000010cf15de3 chromedriver + 904675\n12  chromedriver                        0x000000010cee1c6a chromedriver + 691306\n13  chromedriver                        0x000000010cee2dc1 chromedriver + 695745\n14  chromedriver                        0x000000010d3a9e50 chromedriver + 5705296\n15  chromedriver                        0x000000010d3adda0 chromedriver + 5721504\n16  chromedriver                        0x000000010d38b797 chromedriver + 5580695\n17  chromedriver                        0x000000010d3ae82b chromedriver + 5724203\n18  chromedriver                        0x000000010d379fc4 chromedriver + 5509060\n19  chromedriver                        0x000000010d3cd088 chromedriver + 5849224\n20  chromedriver                        0x000000010d3cd24f chromedriver + 5849679\n21  chromedriver                        0x000000010d3de5a8 chromedriver + 5920168\n22  libsystem_pthread.dylib             0x00007ff814f39253 _pthread_start + 99\n23  libsystem_pthread.dylib             0x00007ff814f34bef thread_start + 15\n\n--------------------------- Captured stdout teardown ---------------------------\nScrrenshot added: screenshots/test_only_password_filled_2025-02-13_12-55-11.png\n&#34;}], &#34;tests/test_functional_login.py::TestLogin::test_only_username_filled&#34;: [{&#34;extras&#34;: [], &#34;result&#34;: &#34;Passed&#34;, &#34;testId&#34;: &#34;tests/test_functional_login.py::TestLogin::test_only_username_filled&#34;, &#34;duration&#34;: &#34;00:00:25&#34;, &#34;resultsTableRow&#34;: [&#34;&lt;td class=\&#34;col-result\&#34;&gt;Passed&lt;/td&gt;&#34;, &#34;&lt;td class=\&#34;col-testId\&#34;&gt;tests/test_functional_login.py::TestLogin::test_only_username_filled&lt;/td&gt;&#34;, &#34;&lt;td class=\&#34;col-duration\&#34;&gt;00:00:25&lt;/td&gt;&#34;, &#34;&lt;td class=\&#34;col-links\&#34;&gt;&lt;/td&gt;&#34;], &#34;log&#34;: &#34;---------------------------- Captured stdout setup -----------------------------\nFailed to accept cookies or notifications: Message: invalid selector: An invalid or illegal selector was specified\n  (Session info: chrome=133.0.6943.53); For documentation on this error, please visit: https://www.selenium.dev/documentation/webdriver/troubleshooting/errors#invalid-selector-exception\nStacktrace:\n0   chromedriver                        0x000000010d895d98 chromedriver + 5954968\n1   chromedriver                        0x000000010d88d9ca chromedriver + 5921226\n2   chromedriver                        0x000000010d34d5e0 chromedriver + 415200\n3   chromedriver                        0x000000010d3543b4 chromedriver + 443316\n4   chromedriver                        0x000000010d356b43 chromedriver + 453443\n5   chromedriver                        0x000000010d356bf3 chromedriver + 453619\n6   chromedriver                        0x000000010d39e846 chromedriver + 747590\n7   chromedriver                        0x000000010d39efc1 chromedriver + 749505\n8   chromedriver                        0x000000010d3ef104 chromedriver + 1077508\n9   chromedriver                        0x000000010d3c503d chromedriver + 905277\n10  chromedriver                        0x000000010d3ec39e chromedriver + 1065886\n11  chromedriver                        0x000000010d3c4de3 chromedriver + 904675\n12  chromedriver                        0x000000010d390c6a chromedriver + 691306\n13  chromedriver                        0x000000010d391dc1 chromedriver + 695745\n14  chromedriver                        0x000000010d858e50 chromedriver + 5705296\n15  chromedriver                        0x000000010d85cda0 chromedriver + 5721504\n16  chromedriver                        0x000000010d83a797 chromedriver + 5580695\n17  chromedriver                        0x000000010d85d82b chromedriver + 5724203\n18  chromedriver                        0x000000010d828fc4 chromedriver + 5509060\n19  chromedriver                        0x000000010d87c088 chromedriver + 5849224\n20  chromedriver                        0x000000010d87c24f chromedriver + 5849679\n21  chromedriver                        0x000000010d88d5a8 chromedriver + 5920168\n22  libsystem_pthread.dylib             0x00007ff814f39253 _pthread_start + 99\n23  libsystem_pthread.dylib             0x00007ff814f34bef thread_start + 15\n\n--------------------------- Captured stdout teardown ---------------------------\nScrrenshot added: screenshots/test_only_username_filled_2025-02-13_12-55-36.png\n&#34;}], &#34;tests/test_functional_login.py::TestLogin::test_short_password&#34;: [{&#34;extras&#34;: [], &#34;result&#34;: &#34;Failed&#34;, &#34;testId&#34;: &#34;tests/test_functional_login.py::TestLogin::test_short_password&#34;, &#34;duration&#34;: &#34;00:00:13&#34;, &#34;resultsTableRow&#34;: [&#34;&lt;td class=\&#34;col-result\&#34;&gt;Failed&lt;/td&gt;&#34;, &#34;&lt;td class=\&#34;col-testId\&#34;&gt;tests/test_functional_login.py::TestLogin::test_short_password&lt;/td&gt;&#34;, &#34;&lt;td class=\&#34;col-duration\&#34;&gt;00:00:13&lt;/td&gt;&#34;, &#34;&lt;td class=\&#34;col-links\&#34;&gt;&lt;/td&gt;&#34;], &#34;log&#34;: &#34;self = &amp;lt;test_functional_login.TestLogin testMethod=test_short_password&amp;gt;\n\n    def test_short_password(self):\n        self.login_page.enter_email(VALID_USER_EMAIL)\n        self.login_page.enter_password(SHORT_PASSWORD) # Password with less than 6 characters (boundary value analysis)\n        self.login_page.click_loginButton()\n&amp;gt;       self.scroll_down()\nE       AttributeError: &amp;#x27;TestLogin&amp;#x27; object has no attribute &amp;#x27;scroll_down&amp;#x27;\n\ntests/test_functional_login.py:61: AttributeError\n\n---------------------------- Captured stdout setup -----------------------------\nFailed to accept cookies or notifications: Message: invalid selector: An invalid or illegal selector was specified\n  (Session info: chrome=133.0.6943.53); For documentation on this error, please visit: https://www.selenium.dev/documentation/webdriver/troubleshooting/errors#invalid-selector-exception\nStacktrace:\n0   chromedriver                        0x000000010fcd8d98 chromedriver + 5954968\n1   chromedriver                        0x000000010fcd09ca chromedriver + 5921226\n2   chromedriver                        0x000000010f7905e0 chromedriver + 415200\n3   chromedriver                        0x000000010f7973b4 chromedriver + 443316\n4   chromedriver                        0x000000010f799b43 chromedriver + 453443\n5   chromedriver                        0x000000010f799bf3 chromedriver + 453619\n6   chromedriver                        0x000000010f7e1846 chromedriver + 747590\n7   chromedriver                        0x000000010f7e1fc1 chromedriver + 749505\n8   chromedriver                        0x000000010f832104 chromedriver + 1077508\n9   chromedriver                        0x000000010f80803d chromedriver + 905277\n10  chromedriver                        0x000000010f82f39e chromedriver + 1065886\n11  chromedriver                        0x000000010f807de3 chromedriver + 904675\n12  chromedriver                        0x000000010f7d3c6a chromedriver + 691306\n13  chromedriver                        0x000000010f7d4dc1 chromedriver + 695745\n14  chromedriver                        0x000000010fc9be50 chromedriver + 5705296\n15  chromedriver                        0x000000010fc9fda0 chromedriver + 5721504\n16  chromedriver                        0x000000010fc7d797 chromedriver + 5580695\n17  chromedriver                        0x000000010fca082b chromedriver + 5724203\n18  chromedriver                        0x000000010fc6bfc4 chromedriver + 5509060\n19  chromedriver                        0x000000010fcbf088 chromedriver + 5849224\n20  chromedriver                        0x000000010fcbf24f chromedriver + 5849679\n21  chromedriver                        0x000000010fcd05a8 chromedriver + 5920168\n22  libsystem_pthread.dylib             0x00007ff814f39253 _pthread_start + 99\n23  libsystem_pthread.dylib             0x00007ff814f34bef thread_start + 15\n\n--------------------------- Captured stdout teardown ---------------------------\nScrrenshot added: screenshots/test_short_password_2025-02-13_12-55-49.png\n&#34;}], &#34;tests/test_functional_login.py::TestLogin::test_valid_login&#34;: [{&#34;extras&#34;: [], &#34;result&#34;: &#34;Failed&#34;, &#34;testId&#34;: &#34;tests/test_functional_login.py::TestLogin::test_valid_login&#34;, &#34;duration&#34;: &#34;00:00:39&#34;, &#34;resultsTableRow&#34;: [&#34;&lt;td class=\&#34;col-result\&#34;&gt;Failed&lt;/td&gt;&#34;, &#34;&lt;td class=\&#34;col-testId\&#34;&gt;tests/test_functional_login.py::TestLogin::test_valid_login&lt;/td&gt;&#34;, &#34;&lt;td class=\&#34;col-duration\&#34;&gt;00:00:39&lt;/td&gt;&#34;, &#34;&lt;td class=\&#34;col-links\&#34;&gt;&lt;/td&gt;&#34;], &#34;log&#34;: &#34;self = &amp;lt;test_functional_login.TestLogin testMethod=test_valid_login&amp;gt;\n\n    def test_valid_login(self):\n        valid_login_object = LoginPage(self.driver)\n        valid_login_object.valid_login()\n&amp;gt;       actual_value = self.login_page.logo_title_find()\n\ntests/test_functional_login.py:14: \n_ _ _ _ _ _ _ _ _ _ _ _ _ _ _ _ _ _ _ _ _ _ _ _ _ _ _ _ _ _ _ _ _ _ _ _ _ _ _ _ _ _ _ _ _ _ _ _ _ _ _ _ _ _ _ _ _ _ _ _ _ _ _ _ _ _ _ \npages/login_page.py:48: in logo_title_find\n    logo_title = self.wait_element_visibility(LOGO_LOCATOR)\npages/base_page.py:20: in wait_element_visibility\n    return self.wait.until(EC.visibility_of_element_located(locator))\n_ _ _ _ _ _ _ _ _ _ _ _ _ _ _ _ _ _ _ _ _ _ _ _ _ _ _ _ _ _ _ _ _ _ _ _ _ _ _ _ _ _ _ _ _ _ _ _ _ _ _ _ _ _ _ _ _ _ _ _ _ _ _ _ _ _ _ \n\nself = &amp;lt;selenium.webdriver.support.wait.WebDriverWait (session=&amp;quot;2a5fae74aee6ba7c732650d641be507f&amp;quot;)&amp;gt;\nmethod = &amp;lt;function visibility_of_element_located.&amp;lt;locals&amp;gt;._predicate at 0x10658b7e0&amp;gt;, message = &amp;#x27;&amp;#x27;\n\n    def until(self, method: Callable[[D], Union[Literal[False], T]], message: str = &amp;quot;&amp;quot;) -&amp;gt; T:\n        &amp;quot;&amp;quot;&amp;quot;Calls the method provided with the driver as an argument until the \\\n        return value does not evaluate to ``False``.\n    \n        :param method: callable(WebDriver)\n        :param message: optional message for :exc:`TimeoutException`\n        :returns: the result of the last call to `method`\n        :raises: :exc:`selenium.common.exceptions.TimeoutException` if timeout occurs\n        &amp;quot;&amp;quot;&amp;quot;\n        screen = None\n        stacktrace = None\n    \n        end_time = time.monotonic() + self._timeout\n        while True:\n            try:\n                value = method(self._driver)\n                if value:\n                    return value\n            except self._ignored_exceptions as exc:\n                screen = getattr(exc, &amp;quot;screen&amp;quot;, None)\n                stacktrace = getattr(exc, &amp;quot;stacktrace&amp;quot;, None)\n            time.sleep(self._poll)\n            if time.monotonic() &amp;gt; end_time:\n                break\n&amp;gt;       raise TimeoutException(message, screen, stacktrace)\nE       selenium.common.exceptions.TimeoutException: Message: \nE       Stacktrace:\nE       0   chromedriver                        0x00000001039bdd98 chromedriver + 5954968\nE       1   chromedriver                        0x00000001039b59ca chromedriver + 5921226\nE       2   chromedriver                        0x00000001034755e0 chromedriver + 415200\nE       3   chromedriver                        0x00000001034c6e1d chromedriver + 749085\nE       4   chromedriver                        0x00000001034c6fc1 chromedriver + 749505\nE       5   chromedriver                        0x0000000103517104 chromedriver + 1077508\nE       6   chromedriver                        0x00000001034ed03d chromedriver + 905277\nE       7   chromedriver                        0x000000010351439e chromedriver + 1065886\nE       8   chromedriver                        0x00000001034ecde3 chromedriver + 904675\nE       9   chromedriver                        0x00000001034b8c6a chromedriver + 691306\nE       10  chromedriver                        0x00000001034b9dc1 chromedriver + 695745\nE       11  chromedriver                        0x0000000103980e50 chromedriver + 5705296\nE       12  chromedriver                        0x0000000103984da0 chromedriver + 5721504\nE       13  chromedriver                        0x0000000103962797 chromedriver + 5580695\nE       14  chromedriver                        0x000000010398582b chromedriver + 5724203\nE       15  chromedriver                        0x0000000103950fc4 chromedriver + 5509060\nE       16  chromedriver                        0x00000001039a4088 chromedriver + 5849224\nE       17  chromedriver                        0x00000001039a424f chromedriver + 5849679\nE       18  chromedriver                        0x00000001039b55a8 chromedriver + 5920168\nE       19  libsystem_pthread.dylib             0x00007ff814f39253 _pthread_start + 99\nE       20  libsystem_pthread.dylib             0x00007ff814f34bef thread_start + 15\n\n/Library/Frameworks/Python.framework/Versions/3.12/lib/python3.12/site-packages/selenium/webdriver/support/wait.py:105: TimeoutException\n\n---------------------------- Captured stdout setup -----------------------------\nFailed to accept cookies or notifications: Message: invalid selector: An invalid or illegal selector was specified\n  (Session info: chrome=133.0.6943.53); For documentation on this error, please visit: https://www.selenium.dev/documentation/webdriver/troubleshooting/errors#invalid-selector-exception\nStacktrace:\n0   chromedriver                        0x00000001039bdd98 chromedriver + 5954968\n1   chromedriver                        0x00000001039b59ca chromedriver + 5921226\n2   chromedriver                        0x00000001034755e0 chromedriver + 415200\n3   chromedriver                        0x000000010347c3b4 chromedriver + 443316\n4   chromedriver                        0x000000010347eb43 chromedriver + 453443\n5   chromedriver                        0x000000010347ebf3 chromedriver + 453619\n6   chromedriver                        0x00000001034c6846 chromedriver + 747590\n7   chromedriver                        0x00000001034c6fc1 chromedriver + 749505\n8   chromedriver                        0x0000000103517104 chromedriver + 1077508\n9   chromedriver                        0x00000001034ed03d chromedriver + 905277\n10  chromedriver                        0x000000010351439e chromedriver + 1065886\n11  chromedriver                        0x00000001034ecde3 chromedriver + 904675\n12  chromedriver                        0x00000001034b8c6a chromedriver + 691306\n13  chromedriver                        0x00000001034b9dc1 chromedriver + 695745\n14  chromedriver                        0x0000000103980e50 chromedriver + 5705296\n15  chromedriver                        0x0000000103984da0 chromedriver + 5721504\n16  chromedriver                        0x0000000103962797 chromedriver + 5580695\n17  chromedriver                        0x000000010398582b chromedriver + 5724203\n18  chromedriver                        0x0000000103950fc4 chromedriver + 5509060\n19  chromedriver                        0x00000001039a4088 chromedriver + 5849224\n20  chromedriver                        0x00000001039a424f chromedriver + 5849679\n21  chromedriver                        0x00000001039b55a8 chromedriver + 5920168\n22  libsystem_pthread.dylib             0x00007ff814f39253 _pthread_start + 99\n23  libsystem_pthread.dylib             0x00007ff814f34bef thread_start + 15\n\n--------------------------- Captured stdout teardown ---------------------------\nScrrenshot added: screenshots/test_valid_login_2025-02-13_12-56-29.png\n&#34;}], &#34;tests/test_security_login.py::TestSecurity::test_https_redirection&#34;: [{&#34;extras&#34;: [], &#34;result&#34;: &#34;Passed&#34;, &#34;testId&#34;: &#34;tests/test_security_login.py::TestSecurity::test_https_redirection&#34;, &#34;duration&#34;: &#34;00:00:26&#34;, &#34;resultsTableRow&#34;: [&#34;&lt;td class=\&#34;col-result\&#34;&gt;Passed&lt;/td&gt;&#34;, &#34;&lt;td class=\&#34;col-testId\&#34;&gt;tests/test_security_login.py::TestSecurity::test_https_redirection&lt;/td&gt;&#34;, &#34;&lt;td class=\&#34;col-duration\&#34;&gt;00:00:26&lt;/td&gt;&#34;, &#34;&lt;td class=\&#34;col-links\&#34;&gt;&lt;/td&gt;&#34;], &#34;log&#34;: &#34;---------------------------- Captured stdout setup -----------------------------\nFailed to accept cookies or notifications: Message: invalid selector: An invalid or illegal selector was specified\n  (Session info: chrome=133.0.6943.53); For documentation on this error, please visit: https://www.selenium.dev/documentation/webdriver/troubleshooting/errors#invalid-selector-exception\nStacktrace:\n0   chromedriver                        0x00000001046a8d98 chromedriver + 5954968\n1   chromedriver                        0x00000001046a09ca chromedriver + 5921226\n2   chromedriver                        0x00000001041605e0 chromedriver + 415200\n3   chromedriver                        0x00000001041673b4 chromedriver + 443316\n4   chromedriver                        0x0000000104169b43 chromedriver + 453443\n5   chromedriver                        0x0000000104169bf3 chromedriver + 453619\n6   chromedriver                        0x00000001041b1846 chromedriver + 747590\n7   chromedriver                        0x00000001041b1fc1 chromedriver + 749505\n8   chromedriver                        0x0000000104202104 chromedriver + 1077508\n9   chromedriver                        0x00000001041d803d chromedriver + 905277\n10  chromedriver                        0x00000001041ff39e chromedriver + 1065886\n11  chromedriver                        0x00000001041d7de3 chromedriver + 904675\n12  chromedriver                        0x00000001041a3c6a chromedriver + 691306\n13  chromedriver                        0x00000001041a4dc1 chromedriver + 695745\n14  chromedriver                        0x000000010466be50 chromedriver + 5705296\n15  chromedriver                        0x000000010466fda0 chromedriver + 5721504\n16  chromedriver                        0x000000010464d797 chromedriver + 5580695\n17  chromedriver                        0x000000010467082b chromedriver + 5724203\n18  chromedriver                        0x000000010463bfc4 chromedriver + 5509060\n19  chromedriver                        0x000000010468f088 chromedriver + 5849224\n20  chromedriver                        0x000000010468f24f chromedriver + 5849679\n21  chromedriver                        0x00000001046a05a8 chromedriver + 5920168\n22  libsystem_pthread.dylib             0x00007ff814f39253 _pthread_start + 99\n23  libsystem_pthread.dylib             0x00007ff814f34bef thread_start + 15\n\n--------------------------- Captured stdout teardown ---------------------------\nScrrenshot added: screenshots/test_https_redirection_2025-02-13_12-56-54.png\n&#34;}], &#34;tests/test_ui_login.py::TestResponsiveLoginUI::test_mobile_ui_elements&#34;: [{&#34;extras&#34;: [], &#34;result&#34;: &#34;Passed&#34;, &#34;testId&#34;: &#34;tests/test_ui_login.py::TestResponsiveLoginUI::test_mobile_ui_elements&#34;, &#34;duration&#34;: &#34;00:00:28&#34;, &#34;resultsTableRow&#34;: [&#34;&lt;td class=\&#34;col-result\&#34;&gt;Passed&lt;/td&gt;&#34;, &#34;&lt;td class=\&#34;col-testId\&#34;&gt;tests/test_ui_login.py::TestResponsiveLoginUI::test_mobile_ui_elements&lt;/td&gt;&#34;, &#34;&lt;td class=\&#34;col-duration\&#34;&gt;00:00:28&lt;/td&gt;&#34;, &#34;&lt;td class=\&#34;col-links\&#34;&gt;&lt;/td&gt;&#34;], &#34;log&#34;: &#34;---------------------------- Captured stdout setup -----------------------------\nFailed to accept cookies or notifications: Message: invalid selector: An invalid or illegal selector was specified\n  (Session info: chrome=133.0.6943.53); For documentation on this error, please visit: https://www.selenium.dev/documentation/webdriver/troubleshooting/errors#invalid-selector-exception\nStacktrace:\n0   chromedriver                        0x0000000109978d98 chromedriver + 5954968\n1   chromedriver                        0x00000001099709ca chromedriver + 5921226\n2   chromedriver                        0x00000001094305e0 chromedriver + 415200\n3   chromedriver                        0x00000001094373b4 chromedriver + 443316\n4   chromedriver                        0x0000000109439b43 chromedriver + 453443\n5   chromedriver                        0x0000000109439bf3 chromedriver + 453619\n6   chromedriver                        0x0000000109481846 chromedriver + 747590\n7   chromedriver                        0x0000000109481fc1 chromedriver + 749505\n8   chromedriver                        0x00000001094d2104 chromedriver + 1077508\n9   chromedriver                        0x00000001094a803d chromedriver + 905277\n10  chromedriver                        0x00000001094cf39e chromedriver + 1065886\n11  chromedriver                        0x00000001094a7de3 chromedriver + 904675\n12  chromedriver                        0x0000000109473c6a chromedriver + 691306\n13  chromedriver                        0x0000000109474dc1 chromedriver + 695745\n14  chromedriver                        0x000000010993be50 chromedriver + 5705296\n15  chromedriver                        0x000000010993fda0 chromedriver + 5721504\n16  chromedriver                        0x000000010991d797 chromedriver + 5580695\n17  chromedriver                        0x000000010994082b chromedriver + 5724203\n18  chromedriver                        0x000000010990bfc4 chromedriver + 5509060\n19  chromedriver                        0x000000010995f088 chromedriver + 5849224\n20  chromedriver                        0x000000010995f24f chromedriver + 5849679\n21  chromedriver                        0x00000001099705a8 chromedriver + 5920168\n22  libsystem_pthread.dylib             0x00007ff814f39253 _pthread_start + 99\n23  libsystem_pthread.dylib             0x00007ff814f34bef thread_start + 15\n\n\n----------------------------- Captured stdout call -----------------------------\n\u2705 Mobile UI test passed for iPhone SE.\n--------------------------- Captured stdout teardown ---------------------------\nScrrenshot added: screenshots/test_mobile_ui_elements_2025-02-13_12-57-23.png\n&#34;}], &#34;tests/test_ui_login.py::TestResponsiveLoginUI::test_tablet_ui_elements&#34;: [{&#34;extras&#34;: [], &#34;result&#34;: &#34;Passed&#34;, &#34;testId&#34;: &#34;tests/test_ui_login.py::TestResponsiveLoginUI::test_tablet_ui_elements&#34;, &#34;duration&#34;: &#34;00:00:28&#34;, &#34;resultsTableRow&#34;: [&#34;&lt;td class=\&#34;col-result\&#34;&gt;Passed&lt;/td&gt;&#34;, &#34;&lt;td class=\&#34;col-testId\&#34;&gt;tests/test_ui_login.py::TestResponsiveLoginUI::test_tablet_ui_elements&lt;/td&gt;&#34;, &#34;&lt;td class=\&#34;col-duration\&#34;&gt;00:00:28&lt;/td&gt;&#34;, &#34;&lt;td class=\&#34;col-links\&#34;&gt;&lt;/td&gt;&#34;], &#34;log&#34;: &#34;---------------------------- Captured stdout setup -----------------------------\nFailed to accept cookies or notifications: Message: invalid selector: An invalid or illegal selector was specified\n  (Session info: chrome=133.0.6943.53); For documentation on this error, please visit: https://www.selenium.dev/documentation/webdriver/troubleshooting/errors#invalid-selector-exception\nStacktrace:\n0   chromedriver                        0x000000010ab90d98 chromedriver + 5954968\n1   chromedriver                        0x000000010ab889ca chromedriver + 5921226\n2   chromedriver                        0x000000010a6485e0 chromedriver + 415200\n3   chromedriver                        0x000000010a64f3b4 chromedriver + 443316\n4   chromedriver                        0x000000010a651b43 chromedriver + 453443\n5   chromedriver                        0x000000010a651bf3 chromedriver + 453619\n6   chromedriver                        0x000000010a699846 chromedriver + 747590\n7   chromedriver                        0x000000010a699fc1 chromedriver + 749505\n8   chromedriver                        0x000000010a6ea104 chromedriver + 1077508\n9   chromedriver                        0x000000010a6c003d chromedriver + 905277\n10  chromedriver                        0x000000010a6e739e chromedriver + 1065886\n11  chromedriver                        0x000000010a6bfde3 chromedriver + 904675\n12  chromedriver                        0x000000010a68bc6a chromedriver + 691306\n13  chromedriver                        0x000000010a68cdc1 chromedriver + 695745\n14  chromedriver                        0x000000010ab53e50 chromedriver + 5705296\n15  chromedriver                        0x000000010ab57da0 chromedriver + 5721504\n16  chromedriver                        0x000000010ab35797 chromedriver + 5580695\n17  chromedriver                        0x000000010ab5882b chromedriver + 5724203\n18  chromedriver                        0x000000010ab23fc4 chromedriver + 5509060\n19  chromedriver                        0x000000010ab77088 chromedriver + 5849224\n20  chromedriver                        0x000000010ab7724f chromedriver + 5849679\n21  chromedriver                        0x000000010ab885a8 chromedriver + 5920168\n22  libsystem_pthread.dylib             0x00007ff814f39253 _pthread_start + 99\n23  libsystem_pthread.dylib             0x00007ff814f34bef thread_start + 15\n\n\n----------------------------- Captured stdout call -----------------------------\n\u2705 Tablet UI test passed for iPad Mini.\n--------------------------- Captured stdout teardown ---------------------------\nScrrenshot added: screenshots/test_tablet_ui_elements_2025-02-13_12-57-50.png\n&#34;}]}, &#34;renderCollapsed&#34;: [&#34;passed&#34;], &#34;initialSort&#34;: &#34;result&#34;, &#34;title&#34;: &#34;report.html&#34;}"></div>
    <script>
      (function(){function r(e,n,t){function o(i,f){if(!n[i]){if(!e[i]){var c="function"==typeof require&&require;if(!f&&c)return c(i,!0);if(u)return u(i,!0);var a=new Error("Cannot find module '"+i+"'");throw a.code="MODULE_NOT_FOUND",a}var p=n[i]={exports:{}};e[i][0].call(p.exports,function(r){var n=e[i][1][r];return o(n||r)},p,p.exports,r,e,n,t)}return n[i].exports}for(var u="function"==typeof require&&require,i=0;i<t.length;i++)o(t[i]);return o}return r})()({1:[function(require,module,exports){
const { getCollapsedCategory, setCollapsedIds } = require('./storage.js')

class DataManager {
    setManager(data) {
        const collapsedCategories = [...getCollapsedCategory(data.renderCollapsed)]
        const collapsedIds = []
        const tests = Object.values(data.tests).flat().map((test, index) => {
            const collapsed = collapsedCategories.includes(test.result.toLowerCase())
            const id = `test_${index}`
            if (collapsed) {
                collapsedIds.push(id)
            }
            return {
                ...test,
                id,
                collapsed,
            }
        })
        const dataBlob = { ...data, tests }
        this.data = { ...dataBlob }
        this.renderData = { ...dataBlob }
        setCollapsedIds(collapsedIds)
    }

    get allData() {
        return { ...this.data }
    }

    resetRender() {
        this.renderData = { ...this.data }
    }

    setRender(data) {
        this.renderData.tests = [...data]
    }

    toggleCollapsedItem(id) {
        this.renderData.tests = this.renderData.tests.map((test) =>
            test.id === id ? { ...test, collapsed: !test.collapsed } : test,
        )
    }

    set allCollapsed(collapsed) {
        this.renderData = { ...this.renderData, tests: [...this.renderData.tests.map((test) => (
            { ...test, collapsed }
        ))] }
    }

    get testSubset() {
        return [...this.renderData.tests]
    }

    get environment() {
        return this.renderData.environment
    }

    get initialSort() {
        return this.data.initialSort
    }
}

module.exports = {
    manager: new DataManager(),
}

},{"./storage.js":8}],2:[function(require,module,exports){
const mediaViewer = require('./mediaviewer.js')
const templateEnvRow = document.getElementById('template_environment_row')
const templateResult = document.getElementById('template_results-table__tbody')

function htmlToElements(html) {
    const temp = document.createElement('template')
    temp.innerHTML = html
    return temp.content.childNodes
}

const find = (selector, elem) => {
    if (!elem) {
        elem = document
    }
    return elem.querySelector(selector)
}

const findAll = (selector, elem) => {
    if (!elem) {
        elem = document
    }
    return [...elem.querySelectorAll(selector)]
}

const dom = {
    getStaticRow: (key, value) => {
        const envRow = templateEnvRow.content.cloneNode(true)
        const isObj = typeof value === 'object' && value !== null
        const values = isObj ? Object.keys(value).map((k) => `${k}: ${value[k]}`) : null

        const valuesElement = htmlToElements(
            values ? `<ul>${values.map((val) => `<li>${val}</li>`).join('')}<ul>` : `<div>${value}</div>`)[0]
        const td = findAll('td', envRow)
        td[0].textContent = key
        td[1].appendChild(valuesElement)

        return envRow
    },
    getResultTBody: ({ testId, id, log, extras, resultsTableRow, tableHtml, result, collapsed }) => {
        const resultBody = templateResult.content.cloneNode(true)
        resultBody.querySelector('tbody').classList.add(result.toLowerCase())
        resultBody.querySelector('tbody').id = testId
        resultBody.querySelector('.collapsible').dataset.id = id

        resultsTableRow.forEach((html) => {
            const t = document.createElement('template')
            t.innerHTML = html
            resultBody.querySelector('.collapsible').appendChild(t.content)
        })

        if (log) {
            // Wrap lines starting with "E" with span.error to color those lines red
            const wrappedLog = log.replace(/^E.*$/gm, (match) => `<span class="error">${match}</span>`)
            resultBody.querySelector('.log').innerHTML = wrappedLog
        } else {
            resultBody.querySelector('.log').remove()
        }

        if (collapsed) {
            resultBody.querySelector('.collapsible > td')?.classList.add('collapsed')
            resultBody.querySelector('.extras-row').classList.add('hidden')
        } else {
            resultBody.querySelector('.collapsible > td')?.classList.remove('collapsed')
        }

        const media = []
        extras?.forEach(({ name, format_type, content }) => {
            if (['image', 'video'].includes(format_type)) {
                media.push({ path: content, name, format_type })
            }

            if (format_type === 'html') {
                resultBody.querySelector('.extraHTML').insertAdjacentHTML('beforeend', `<div>${content}</div>`)
            }
        })
        mediaViewer.setup(resultBody, media)

        // Add custom html from the pytest_html_results_table_html hook
        tableHtml?.forEach((item) => {
            resultBody.querySelector('td[class="extra"]').insertAdjacentHTML('beforeend', item)
        })

        return resultBody
    },
}

module.exports = {
    dom,
    htmlToElements,
    find,
    findAll,
}

},{"./mediaviewer.js":6}],3:[function(require,module,exports){
const { manager } = require('./datamanager.js')
const { doSort } = require('./sort.js')
const storageModule = require('./storage.js')

const getFilteredSubSet = (filter) =>
    manager.allData.tests.filter(({ result }) => filter.includes(result.toLowerCase()))

const doInitFilter = () => {
    const currentFilter = storageModule.getVisible()
    const filteredSubset = getFilteredSubSet(currentFilter)
    manager.setRender(filteredSubset)
}

const doFilter = (type, show) => {
    if (show) {
        storageModule.showCategory(type)
    } else {
        storageModule.hideCategory(type)
    }

    const currentFilter = storageModule.getVisible()
    const filteredSubset = getFilteredSubSet(currentFilter)
    manager.setRender(filteredSubset)

    const sortColumn = storageModule.getSort()
    doSort(sortColumn, true)
}

module.exports = {
    doFilter,
    doInitFilter,
}

},{"./datamanager.js":1,"./sort.js":7,"./storage.js":8}],4:[function(require,module,exports){
const { redraw, bindEvents, renderStatic } = require('./main.js')
const { doInitFilter } = require('./filter.js')
const { doInitSort } = require('./sort.js')
const { manager } = require('./datamanager.js')
const data = JSON.parse(document.getElementById('data-container').dataset.jsonblob)

function init() {
    manager.setManager(data)
    doInitFilter()
    doInitSort()
    renderStatic()
    redraw()
    bindEvents()
}

init()

},{"./datamanager.js":1,"./filter.js":3,"./main.js":5,"./sort.js":7}],5:[function(require,module,exports){
const { dom, find, findAll } = require('./dom.js')
const { manager } = require('./datamanager.js')
const { doSort } = require('./sort.js')
const { doFilter } = require('./filter.js')
const {
    getVisible,
    getCollapsedIds,
    setCollapsedIds,
    getSort,
    getSortDirection,
    possibleFilters,
} = require('./storage.js')

const removeChildren = (node) => {
    while (node.firstChild) {
        node.removeChild(node.firstChild)
    }
}

const renderStatic = () => {
    const renderEnvironmentTable = () => {
        const environment = manager.environment
        const rows = Object.keys(environment).map((key) => dom.getStaticRow(key, environment[key]))
        const table = document.getElementById('environment')
        removeChildren(table)
        rows.forEach((row) => table.appendChild(row))
    }
    renderEnvironmentTable()
}

const addItemToggleListener = (elem) => {
    elem.addEventListener('click', ({ target }) => {
        const id = target.parentElement.dataset.id
        manager.toggleCollapsedItem(id)

        const collapsedIds = getCollapsedIds()
        if (collapsedIds.includes(id)) {
            const updated = collapsedIds.filter((item) => item !== id)
            setCollapsedIds(updated)
        } else {
            collapsedIds.push(id)
            setCollapsedIds(collapsedIds)
        }
        redraw()
    })
}

const renderContent = (tests) => {
    const sortAttr = getSort(manager.initialSort)
    const sortAsc = JSON.parse(getSortDirection())
    const rows = tests.map(dom.getResultTBody)
    const table = document.getElementById('results-table')
    const tableHeader = document.getElementById('results-table-head')

    const newTable = document.createElement('table')
    newTable.id = 'results-table'

    // remove all sorting classes and set the relevant
    findAll('.sortable', tableHeader).forEach((elem) => elem.classList.remove('asc', 'desc'))
    tableHeader.querySelector(`.sortable[data-column-type="${sortAttr}"]`)?.classList.add(sortAsc ? 'desc' : 'asc')
    newTable.appendChild(tableHeader)

    if (!rows.length) {
        const emptyTable = document.getElementById('template_results-table__body--empty').content.cloneNode(true)
        newTable.appendChild(emptyTable)
    } else {
        rows.forEach((row) => {
            if (!!row) {
                findAll('.collapsible td:not(.col-links', row).forEach(addItemToggleListener)
                find('.logexpander', row).addEventListener('click',
                    (evt) => evt.target.parentNode.classList.toggle('expanded'),
                )
                newTable.appendChild(row)
            }
        })
    }

    table.replaceWith(newTable)
}

const renderDerived = () => {
    const currentFilter = getVisible()
    possibleFilters.forEach((result) => {
        const input = document.querySelector(`input[data-test-result="${result}"]`)
        input.checked = currentFilter.includes(result)
    })
}

const bindEvents = () => {
    const filterColumn = (evt) => {
        const { target: element } = evt
        const { testResult } = element.dataset

        doFilter(testResult, element.checked)
        const collapsedIds = getCollapsedIds()
        const updated = manager.renderData.tests.map((test) => {
            return {
                ...test,
                collapsed: collapsedIds.includes(test.id),
            }
        })
        manager.setRender(updated)
        redraw()
    }

    const header = document.getElementById('environment-header')
    header.addEventListener('click', () => {
        const table = document.getElementById('environment')
        table.classList.toggle('hidden')
        header.classList.toggle('collapsed')
    })

    findAll('input[name="filter_checkbox"]').forEach((elem) => {
        elem.addEventListener('click', filterColumn)
    })

    findAll('.sortable').forEach((elem) => {
        elem.addEventListener('click', (evt) => {
            const { target: element } = evt
            const { columnType } = element.dataset
            doSort(columnType)
            redraw()
        })
    })

    document.getElementById('show_all_details').addEventListener('click', () => {
        manager.allCollapsed = false
        setCollapsedIds([])
        redraw()
    })
    document.getElementById('hide_all_details').addEventListener('click', () => {
        manager.allCollapsed = true
        const allIds = manager.renderData.tests.map((test) => test.id)
        setCollapsedIds(allIds)
        redraw()
    })
}

const redraw = () => {
    const { testSubset } = manager

    renderContent(testSubset)
    renderDerived()
}

module.exports = {
    redraw,
    bindEvents,
    renderStatic,
}

},{"./datamanager.js":1,"./dom.js":2,"./filter.js":3,"./sort.js":7,"./storage.js":8}],6:[function(require,module,exports){
class MediaViewer {
    constructor(assets) {
        this.assets = assets
        this.index = 0
    }

    nextActive() {
        this.index = this.index === this.assets.length - 1 ? 0 : this.index + 1
        return [this.activeFile, this.index]
    }

    prevActive() {
        this.index = this.index === 0 ? this.assets.length - 1 : this.index -1
        return [this.activeFile, this.index]
    }

    get currentIndex() {
        return this.index
    }

    get activeFile() {
        return this.assets[this.index]
    }
}


const setup = (resultBody, assets) => {
    if (!assets.length) {
        resultBody.querySelector('.media').classList.add('hidden')
        return
    }

    const mediaViewer = new MediaViewer(assets)
    const container = resultBody.querySelector('.media-container')
    const leftArrow = resultBody.querySelector('.media-container__nav--left')
    const rightArrow = resultBody.querySelector('.media-container__nav--right')
    const mediaName = resultBody.querySelector('.media__name')
    const counter = resultBody.querySelector('.media__counter')
    const imageEl = resultBody.querySelector('img')
    const sourceEl = resultBody.querySelector('source')
    const videoEl = resultBody.querySelector('video')

    const setImg = (media, index) => {
        if (media?.format_type === 'image') {
            imageEl.src = media.path

            imageEl.classList.remove('hidden')
            videoEl.classList.add('hidden')
        } else if (media?.format_type === 'video') {
            sourceEl.src = media.path

            videoEl.classList.remove('hidden')
            imageEl.classList.add('hidden')
        }

        mediaName.innerText = media?.name
        counter.innerText = `${index + 1} / ${assets.length}`
    }
    setImg(mediaViewer.activeFile, mediaViewer.currentIndex)

    const moveLeft = () => {
        const [media, index] = mediaViewer.prevActive()
        setImg(media, index)
    }
    const doRight = () => {
        const [media, index] = mediaViewer.nextActive()
        setImg(media, index)
    }
    const openImg = () => {
        window.open(mediaViewer.activeFile.path, '_blank')
    }
    if (assets.length === 1) {
        container.classList.add('media-container--fullscreen')
    } else {
        leftArrow.addEventListener('click', moveLeft)
        rightArrow.addEventListener('click', doRight)
    }
    imageEl.addEventListener('click', openImg)
}

module.exports = {
    setup,
}

},{}],7:[function(require,module,exports){
const { manager } = require('./datamanager.js')
const storageModule = require('./storage.js')

const genericSort = (list, key, ascending, customOrder) => {
    let sorted
    if (customOrder) {
        sorted = list.sort((a, b) => {
            const aValue = a.result.toLowerCase()
            const bValue = b.result.toLowerCase()

            const aIndex = customOrder.findIndex((item) => item.toLowerCase() === aValue)
            const bIndex = customOrder.findIndex((item) => item.toLowerCase() === bValue)

            // Compare the indices to determine the sort order
            return aIndex - bIndex
        })
    } else {
        sorted = list.sort((a, b) => a[key] === b[key] ? 0 : a[key] > b[key] ? 1 : -1)
    }

    if (ascending) {
        sorted.reverse()
    }
    return sorted
}

const durationSort = (list, ascending) => {
    const parseDuration = (duration) => {
        if (duration.includes(':')) {
            // If it's in the format "HH:mm:ss"
            const [hours, minutes, seconds] = duration.split(':').map(Number)
            return (hours * 3600 + minutes * 60 + seconds) * 1000
        } else {
            // If it's in the format "nnn ms"
            return parseInt(duration)
        }
    }
    const sorted = list.sort((a, b) => parseDuration(a['duration']) - parseDuration(b['duration']))
    if (ascending) {
        sorted.reverse()
    }
    return sorted
}

const doInitSort = () => {
    const type = storageModule.getSort(manager.initialSort)
    const ascending = storageModule.getSortDirection()
    const list = manager.testSubset
    const initialOrder = ['Error', 'Failed', 'Rerun', 'XFailed', 'XPassed', 'Skipped', 'Passed']

    storageModule.setSort(type)
    storageModule.setSortDirection(ascending)

    if (type?.toLowerCase() === 'original') {
        manager.setRender(list)
    } else {
        let sortedList
        switch (type) {
        case 'duration':
            sortedList = durationSort(list, ascending)
            break
        case 'result':
            sortedList = genericSort(list, type, ascending, initialOrder)
            break
        default:
            sortedList = genericSort(list, type, ascending)
            break
        }
        manager.setRender(sortedList)
    }
}

const doSort = (type, skipDirection) => {
    const newSortType = storageModule.getSort(manager.initialSort) !== type
    const currentAsc = storageModule.getSortDirection()
    let ascending
    if (skipDirection) {
        ascending = currentAsc
    } else {
        ascending = newSortType ? false : !currentAsc
    }
    storageModule.setSort(type)
    storageModule.setSortDirection(ascending)

    const list = manager.testSubset
    const sortedList = type === 'duration' ? durationSort(list, ascending) : genericSort(list, type, ascending)
    manager.setRender(sortedList)
}

module.exports = {
    doInitSort,
    doSort,
}

},{"./datamanager.js":1,"./storage.js":8}],8:[function(require,module,exports){
const possibleFilters = [
    'passed',
    'skipped',
    'failed',
    'error',
    'xfailed',
    'xpassed',
    'rerun',
]

const getVisible = () => {
    const url = new URL(window.location.href)
    const settings = new URLSearchParams(url.search).get('visible')
    const lower = (item) => {
        const lowerItem = item.toLowerCase()
        if (possibleFilters.includes(lowerItem)) {
            return lowerItem
        }
        return null
    }
    return settings === null ?
        possibleFilters :
        [...new Set(settings?.split(',').map(lower).filter((item) => item))]
}

const hideCategory = (categoryToHide) => {
    const url = new URL(window.location.href)
    const visibleParams = new URLSearchParams(url.search).get('visible')
    const currentVisible = visibleParams ? visibleParams.split(',') : [...possibleFilters]
    const settings = [...new Set(currentVisible)].filter((f) => f !== categoryToHide).join(',')

    url.searchParams.set('visible', settings)
    window.history.pushState({}, null, unescape(url.href))
}

const showCategory = (categoryToShow) => {
    if (typeof window === 'undefined') {
        return
    }
    const url = new URL(window.location.href)
    const currentVisible = new URLSearchParams(url.search).get('visible')?.split(',').filter(Boolean) ||
        [...possibleFilters]
    const settings = [...new Set([categoryToShow, ...currentVisible])]
    const noFilter = possibleFilters.length === settings.length || !settings.length

    noFilter ? url.searchParams.delete('visible') : url.searchParams.set('visible', settings.join(','))
    window.history.pushState({}, null, unescape(url.href))
}

const getSort = (initialSort) => {
    const url = new URL(window.location.href)
    let sort = new URLSearchParams(url.search).get('sort')
    if (!sort) {
        sort = initialSort || 'result'
    }
    return sort
}

const setSort = (type) => {
    const url = new URL(window.location.href)
    url.searchParams.set('sort', type)
    window.history.pushState({}, null, unescape(url.href))
}

const getCollapsedCategory = (renderCollapsed) => {
    let categories
    if (typeof window !== 'undefined') {
        const url = new URL(window.location.href)
        const collapsedItems = new URLSearchParams(url.search).get('collapsed')
        switch (true) {
        case !renderCollapsed && collapsedItems === null:
            categories = ['passed']
            break
        case collapsedItems?.length === 0 || /^["']{2}$/.test(collapsedItems):
            categories = []
            break
        case /^all$/.test(collapsedItems) || collapsedItems === null && /^all$/.test(renderCollapsed):
            categories = [...possibleFilters]
            break
        default:
            categories = collapsedItems?.split(',').map((item) => item.toLowerCase()) || renderCollapsed
            break
        }
    } else {
        categories = []
    }
    return categories
}

const getSortDirection = () => JSON.parse(sessionStorage.getItem('sortAsc')) || false
const setSortDirection = (ascending) => sessionStorage.setItem('sortAsc', ascending)

const getCollapsedIds = () => JSON.parse(sessionStorage.getItem('collapsedIds')) || []
const setCollapsedIds = (list) => sessionStorage.setItem('collapsedIds', JSON.stringify(list))

module.exports = {
    getVisible,
    hideCategory,
    showCategory,
    getCollapsedIds,
    setCollapsedIds,
    getSort,
    setSort,
    getSortDirection,
    setSortDirection,
    getCollapsedCategory,
    possibleFilters,
}

},{}]},{},[4]);
    </script>
  </footer>
</html>